\BOOKMARK [0][-]{chapter*.1}{Introduzione}{}% 1
\BOOKMARK [0][-]{chapter.1}{Creativit\340 giurisprudenziale: un dibattito ideologico}{}% 2
\BOOKMARK [1][-]{section.1.1}{Introduzione}{chapter.1}% 3
\BOOKMARK [1][-]{section.1.2}{A sostegno dell'interpretazione creativa delle corti}{chapter.1}% 4
\BOOKMARK [2][-]{subsection.1.2.1}{La sentenza integrativa-creativa}{section.1.2}% 5
\BOOKMARK [2][-]{subsection.1.2.2}{L'art. 12 delle Preleggi e la discrezionalit\340 del giudice}{section.1.2}% 6
\BOOKMARK [1][-]{section.1.3}{Contro la giurisprudenza creativa}{chapter.1}% 7
\BOOKMARK [2][-]{subsection.1.3.1}{La crisi della legge}{section.1.3}% 8
\BOOKMARK [2][-]{subsection.1.3.2}{La giurisdizione come fonte creativa di nuovo diritto}{section.1.3}% 9
\BOOKMARK [2][-]{subsection.1.3.3}{Il significato del principio di legalit\340 e il ruolo della giurisdizione}{section.1.3}% 10
\BOOKMARK [1][-]{section.1.4}{Conclusione sull'attivit\340 creativa della giurisprudenza}{chapter.1}% 11
\BOOKMARK [0][-]{chapter.2}{Diritti riconosciuti come frutto della giurisprudenza creativa}{}% 12
\BOOKMARK [1][-]{section.2.1}{Il diritto all'identit\340 personale: una breve introduzione storica}{chapter.2}% 13
\BOOKMARK [2][-]{subsection.2.1.1}{Il <<caso Veronesi>>}{section.2.1}% 14
\BOOKMARK [1][-]{section.2.2}{L'identit\340 personale e la Costituzione: similitudini e differenze}{chapter.2}% 15
\BOOKMARK [2][-]{subsection.2.2.1}{Art. 2}{section.2.2}% 16
\BOOKMARK [2][-]{subsection.2.2.2}{Art. 3}{section.2.2}% 17
\BOOKMARK [1][-]{section.2.3}{La dottrina sull'identit\340 personale}{chapter.2}% 18
\BOOKMARK [1][-]{section.2.4}{Diritto alla riservatezza - introduzione}{chapter.2}% 19
\BOOKMARK [1][-]{section.2.5}{IL LIMITE DELLA CONTINENZA, UNA PRIMA ACCEZIONE DEL C.D. DIRITTO ALL'OBLIO}{chapter.2}% 20
\BOOKMARK [1][-]{section.2.6}{NEUTRALIT\340 E ANONIMATO}{chapter.2}% 21
\BOOKMARK [1][-]{section.2.7}{diritto alla protezione dei dati personali}{chapter.2}% 22
\BOOKMARK [1][-]{section.2.8}{prot. dati personali - tecnologie e diritti}{chapter.2}% 23
\BOOKMARK [0][-]{chapter.3}{Il problema del bilanciamento dei diritti di creazione giurisprudenziale con il testo costituzionale}{}% 24
\BOOKMARK [1][-]{section.3.1}{diritti della personalit\340 e giornalismo}{chapter.3}% 25
\BOOKMARK [2][-]{subsection.3.1.1}{Un equilibrio stabile}{section.3.1}% 26
\BOOKMARK [2][-]{subsection.3.1.2}{la sentenza e il commento di Laghezza}{section.3.1}% 27
\BOOKMARK [1][-]{section.3.2}{Bilanciamento con i diritti di rango superiore}{chapter.3}% 28
\BOOKMARK [2][-]{subsection.3.2.1}{boh}{section.3.2}% 29
\BOOKMARK [2][-]{subsection.3.2.2}{Diritto all'oblio vs diritto di critica, di satira e di rielaborazione artistica}{section.3.2}% 30
\BOOKMARK [2][-]{subsection.3.2.3}{Bilanciamento fra diritto all'oblio e diritto di cronaca: evoluzione rispetto al bilanciamento fatto col diritto all'identit\340 personale}{section.3.2}% 31
\BOOKMARK [1][-]{section.3.3}{Legittimazione democratica e separazione dei poteri}{chapter.3}% 32
\BOOKMARK [0][-]{chapter*.2}{Conclusioni}{}% 33
