\BOOKMARK [0][-]{chapter*.2}{Introduzione}{}% 1
\BOOKMARK [0][-]{chapter.1}{Il diritto al figlio e il diritto alla vita}{}% 2
\BOOKMARK [1][-]{section.1.1}{Dare e ricevere la vita}{chapter.1}% 3
\BOOKMARK [1][-]{section.1.2}{Il concetto di "vita dignitosa"}{chapter.1}% 4
\BOOKMARK [2][-]{subsection.1.2.1}{Il suo valore all'interno della societ\340}{section.1.2}% 5
\BOOKMARK [0][-]{chapter.2}{Esiste un diritto a nascere sano?}{}% 6
\BOOKMARK [1][-]{section.2.1}{Wrongful birth e wrongful life}{chapter.2}% 7
\BOOKMARK [1][-]{section.2.2}{Situazione italiana: dibattito fra laici e cattolici}{chapter.2}% 8
\BOOKMARK [2][-]{subsection.2.2.1}{Visione laica}{section.2.2}% 9
\BOOKMARK [2][-]{subsection.2.2.2}{Visione cattolica}{section.2.2}% 10
\BOOKMARK [1][-]{section.2.3}{Aspetti comparatistici}{chapter.2}% 11
\BOOKMARK [2][-]{subsection.2.3.1}{Giurisprudenza americana e dei paesi di common law}{section.2.3}% 12
\BOOKMARK [2][-]{subsection.2.3.2}{Giurisprudenza francese: il caso Perruche}{section.2.3}% 13
\BOOKMARK [0][-]{chapter.3}{Responsabilit\340 e risarcimento}{}% 14
\BOOKMARK [1][-]{section.3.1}{Responsabilit\340}{chapter.3}% 15
\BOOKMARK [2][-]{subsection.3.1.1}{Responsabilit\340 della madre che sceglie o meno di abortire}{section.3.1}% 16
\BOOKMARK [2][-]{subsection.3.1.2}{Responsabilit\340 del medico}{section.3.1}% 17
\BOOKMARK [3][-]{subsubsection.3.1.2.1}{Per errata diagnosi}{subsection.3.1.2}% 18
\BOOKMARK [3][-]{subsubsection.3.1.2.2}{Per errata comunicazione}{subsection.3.1.2}% 19
\BOOKMARK [1][-]{section.3.2}{Risarcimento: ammettendo l'esistenza di un diritto a nascere sano, a chi spetterebbe?}{chapter.3}% 20
\BOOKMARK [2][-]{subsection.3.2.1}{Il nato disabile}{section.3.2}% 21
\BOOKMARK [2][-]{subsection.3.2.2}{I genitori}{section.3.2}% 22
\BOOKMARK [2][-]{subsection.3.2.3}{I fratelli e sorelle}{section.3.2}% 23
\BOOKMARK [0][-]{chapter.4}{Diritto a nascere sano ed eugenetica}{}% 24
\BOOKMARK [1][-]{section.4.1}{La procreazione medicalmente assistita}{chapter.4}% 25
\BOOKMARK [1][-]{section.4.2}{La diagnosi pre-impianto}{chapter.4}% 26
\BOOKMARK [1][-]{section.4.3}{L'impianto esclusivo degli embrioni sani}{chapter.4}% 27
\BOOKMARK [2][-]{subsection.4.3.1}{L'eugenetica}{section.4.3}% 28
\BOOKMARK [1][-]{section.4.4}{La concessione di un "diritto a nascere sano" alimenterebbe un'etica utilitaristica?}{chapter.4}% 29
\BOOKMARK [2][-]{subsection.4.4.1}{Il pericolo della ricerca di una discendenza "perfetta"}{section.4.4}% 30
\BOOKMARK [0][-]{chapter*.3}{Conclusioni}{}% 31
\BOOKMARK [0][-]{section*.5}{Bibliografia}{}% 32
